# JRE version: OpenJDK Runtime Environment Zulu11.64+19-CA (11.0.19+7) (build 11.0.19+7-LTS)
# Java VM: OpenJDK 64-Bit Server VM Zulu11.64+19-CA (11.0.19+7-LTS, mixed mode, tiered, compressed oops, g1 gc, bsd-aarch64)
Heap:
 garbage-first heap   total 1658880K, used 87688K [0x00000003c0000000, 0x00000007c0000000)
  region size 4096K, 20 young (81920K), 3 survivors (12288K)
 Metaspace       used 67079K, capacity 68839K, committed 68912K, reserved 1110016K
  class space    used 7867K, capacity 8685K, committed 8704K, reserved 1048576K
GC Heap History (14 events):
Event: 0.420 GC heap before
{Heap before GC invocations=0 (full 0):
 garbage-first heap   total 1048576K, used 45056K [0x00000003c0000000, 0x00000007c0000000)
  region size 4096K, 12 young (49152K), 0 survivors (0K)
 Metaspace       used 15770K, capacity 16173K, committed 16384K, reserved 1062912K
  class space    used 1739K, capacity 1931K, committed 2048K, reserved 1048576K
}
Event: 0.425 GC heap after
{Heap after GC invocations=1 (full 0):
 garbage-first heap   total 1048576K, used 13356K [0x00000003c0000000, 0x00000007c0000000)
  region size 4096K, 2 young (8192K), 2 survivors (8192K)
 Metaspace       used 15770K, capacity 16173K, committed 16384K, reserved 1062912K
  class space    used 1739K, capacity 1931K, committed 2048K, reserved 1048576K
}
Event: 0.548 GC heap before
{Heap before GC invocations=1 (full 0):
 garbage-first heap   total 1048576K, used 37932K [0x00000003c0000000, 0x00000007c0000000)
  region size 4096K, 9 young (36864K), 2 survivors (8192K)
 Metaspace       used 20562K, capacity 21077K, committed 21296K, reserved 1069056K
  class space    used 2349K, capacity 2610K, committed 2688K, reserved 1048576K
}
Event: 0.550 GC heap after
{Heap after GC invocations=2 (full 0):
 garbage-first heap   total 1048576K, used 14266K [0x00000003c0000000, 0x00000007c0000000)
  region size 4096K, 1 young (4096K), 1 survivors (4096K)
 Metaspace       used 20562K, capacity 21077K, committed 21296K, reserved 1069056K
  class space    used 2349K, capacity 2610K, committed 2688K, reserved 1048576K
}
Event: 0.753 GC heap before
{Heap before GC invocations=3 (full 0):
 garbage-first heap   total 1048576K, used 59322K [0x00000003c0000000, 0x00000007c0000000)
  region size 4096K, 12 young (49152K), 1 survivors (4096K)
 Metaspace       used 29021K, capacity 29721K, committed 29872K, reserved 1075200K
  class space    used 3409K, capacity 3775K, committed 3840K, reserved 1048576K
}
Event: 0.775 GC heap after
{Heap after GC invocations=4 (full 0):
 garbage-first heap   total 1048576K, used 17006K [0x00000003c0000000, 0x00000007c0000000)
  region size 4096K, 1 young (4096K), 1 survivors (4096K)
 Metaspace       used 29021K, capacity 29721K, committed 29872K, reserved 1075200K
  class space    used 3409K, capacity 3775K, committed 3840K, reserved 1048576K
}
Event: 1.699 GC heap before
{Heap before GC invocations=4 (full 0):
 garbage-first heap   total 1048576K, used 41582K [0x00000003c0000000, 0x00000007c0000000)
  region size 4096K, 8 young (32768K), 1 survivors (4096K)
 Metaspace       used 34909K, capacity 35646K, committed 35920K, reserved 1081344K
  class space    used 3956K, capacity 4331K, committed 4352K, reserved 1048576K
}
Event: 1.721 GC heap after
{Heap after GC invocations=5 (full 0):
 garbage-first heap   total 1048576K, used 18430K [0x00000003c0000000, 0x00000007c0000000)
  region size 4096K, 2 young (8192K), 2 survivors (8192K)
 Metaspace       used 34909K, capacity 35646K, committed 35920K, reserved 1081344K
  class space    used 3956K, capacity 4331K, committed 4352K, reserved 1048576K
}
Event: 1.890 GC heap before
{Heap before GC invocations=6 (full 0):
 garbage-first heap   total 1048576K, used 67582K [0x00000003c0000000, 0x00000007c0000000)
  region size 4096K, 14 young (57344K), 2 survivors (8192K)
 Metaspace       used 40366K, capacity 41304K, committed 41424K, reserved 1085440K
  class space    used 4724K, capacity 5131K, committed 5248K, reserved 1048576K
}
Event: 1.893 GC heap after
{Heap after GC invocations=7 (full 0):
 garbage-first heap   total 1658880K, used 19604K [0x00000003c0000000, 0x00000007c0000000)
  region size 4096K, 2 young (8192K), 2 survivors (8192K)
 Metaspace       used 40366K, capacity 41304K, committed 41424K, reserved 1085440K
  class space    used 4724K, capacity 5131K, committed 5248K, reserved 1048576K
}
Event: 4.202 GC heap before
{Heap before GC invocations=7 (full 0):
 garbage-first heap   total 1658880K, used 93332K [0x00000003c0000000, 0x00000007c0000000)
  region size 4096K, 20 young (81920K), 2 survivors (8192K)
 Metaspace       used 50349K, capacity 51794K, committed 51920K, reserved 1095680K
  class space    used 6092K, capacity 6756K, committed 6784K, reserved 1048576K
}
Event: 4.207 GC heap after
{Heap after GC invocations=8 (full 0):
 garbage-first heap   total 1658880K, used 23950K [0x00000003c0000000, 0x00000007c0000000)
  region size 4096K, 3 young (12288K), 3 survivors (12288K)
 Metaspace       used 50349K, capacity 51794K, committed 51920K, reserved 1095680K
  class space    used 6092K, capacity 6756K, committed 6784K, reserved 1048576K
}
Event: 19.173 GC heap before
{Heap before GC invocations=8 (full 0):
 garbage-first heap   total 1658880K, used 93582K [0x00000003c0000000, 0x00000007c0000000)
  region size 4096K, 21 young (86016K), 3 survivors (12288K)
 Metaspace       used 58383K, capacity 59943K, committed 60080K, reserved 1101824K
  class space    used 7005K, capacity 7748K, committed 7808K, reserved 1048576K
}
Event: 19.179 GC heap after
{Heap after GC invocations=9 (full 0):
 garbage-first heap   total 1658880K, used 26248K [0x00000003c0000000, 0x00000007c0000000)
  region size 4096K, 3 young (12288K), 3 survivors (12288K)
 Metaspace       used 58383K, capacity 59943K, committed 60080K, reserved 1101824K
  class space    used 7005K, capacity 7748K, committed 7808K, reserved 1048576K
}

