# JRE version: OpenJDK Runtime Environment Zulu11.64+19-CA (11.0.19+7) (build 11.0.19+7-LTS)
# Java VM: OpenJDK 64-Bit Server VM Zulu11.64+19-CA (11.0.19+7-LTS, mixed mode, tiered, compressed oops, g1 gc, bsd-aarch64)
Heap:
 garbage-first heap   total 1261568K, used 88349K [0x00000003c0000000, 0x00000007c0000000)
  region size 4096K, 20 young (81920K), 3 survivors (12288K)
 Metaspace       used 66974K, capacity 68810K, committed 69040K, reserved 1110016K
  class space    used 7861K, capacity 8676K, committed 8704K, reserved 1048576K
GC Heap History (14 events):
Event: 0.380 GC heap before
{Heap before GC invocations=0 (full 0):
 garbage-first heap   total 1048576K, used 45056K [0x00000003c0000000, 0x00000007c0000000)
  region size 4096K, 12 young (49152K), 0 survivors (0K)
 Metaspace       used 15747K, capacity 16173K, committed 16384K, reserved 1062912K
  class space    used 1737K, capacity 1931K, committed 2048K, reserved 1048576K
}
Event: 0.386 GC heap after
{Heap after GC invocations=1 (full 0):
 garbage-first heap   total 1048576K, used 13368K [0x00000003c0000000, 0x00000007c0000000)
  region size 4096K, 2 young (8192K), 2 survivors (8192K)
 Metaspace       used 15747K, capacity 16173K, committed 16384K, reserved 1062912K
  class space    used 1737K, capacity 1931K, committed 2048K, reserved 1048576K
}
Event: 0.510 GC heap before
{Heap before GC invocations=1 (full 0):
 garbage-first heap   total 1048576K, used 37944K [0x00000003c0000000, 0x00000007c0000000)
  region size 4096K, 10 young (40960K), 2 survivors (8192K)
 Metaspace       used 20663K, capacity 21200K, committed 21296K, reserved 1069056K
  class space    used 2366K, capacity 2651K, committed 2688K, reserved 1048576K
}
Event: 0.514 GC heap after
{Heap after GC invocations=2 (full 0):
 garbage-first heap   total 1048576K, used 14857K [0x00000003c0000000, 0x00000007c0000000)
  region size 4096K, 1 young (4096K), 1 survivors (4096K)
 Metaspace       used 20663K, capacity 21200K, committed 21296K, reserved 1069056K
  class space    used 2366K, capacity 2651K, committed 2688K, reserved 1048576K
}
Event: 0.700 GC heap before
{Heap before GC invocations=3 (full 0):
 garbage-first heap   total 1048576K, used 59913K [0x00000003c0000000, 0x00000007c0000000)
  region size 4096K, 12 young (49152K), 1 survivors (4096K)
 Metaspace       used 29036K, capacity 29721K, committed 29872K, reserved 1075200K
  class space    used 3414K, capacity 3775K, committed 3840K, reserved 1048576K
}
Event: 0.702 GC heap after
{Heap after GC invocations=4 (full 0):
 garbage-first heap   total 1048576K, used 17366K [0x00000003c0000000, 0x00000007c0000000)
  region size 4096K, 1 young (4096K), 1 survivors (4096K)
 Metaspace       used 29036K, capacity 29721K, committed 29872K, reserved 1075200K
  class space    used 3414K, capacity 3775K, committed 3840K, reserved 1048576K
}
Event: 1.350 GC heap before
{Heap before GC invocations=4 (full 0):
 garbage-first heap   total 1048576K, used 46038K [0x00000003c0000000, 0x00000007c0000000)
  region size 4096K, 9 young (36864K), 1 survivors (4096K)
 Metaspace       used 34999K, capacity 35756K, committed 35888K, reserved 1081344K
  class space    used 3973K, capacity 4370K, committed 4480K, reserved 1048576K
}
Event: 1.352 GC heap after
{Heap after GC invocations=5 (full 0):
 garbage-first heap   total 1048576K, used 18807K [0x00000003c0000000, 0x00000007c0000000)
  region size 4096K, 2 young (8192K), 2 survivors (8192K)
 Metaspace       used 34999K, capacity 35756K, committed 35888K, reserved 1081344K
  class space    used 3973K, capacity 4370K, committed 4480K, reserved 1048576K
}
Event: 1.513 GC heap before
{Heap before GC invocations=6 (full 0):
 garbage-first heap   total 1048576K, used 72055K [0x00000003c0000000, 0x00000007c0000000)
  region size 4096K, 15 young (61440K), 2 survivors (8192K)
 Metaspace       used 41236K, capacity 42196K, committed 42416K, reserved 1087488K
  class space    used 4840K, capacity 5263K, committed 5376K, reserved 1048576K
}
Event: 1.516 GC heap after
{Heap after GC invocations=7 (full 0):
 garbage-first heap   total 1048576K, used 20216K [0x00000003c0000000, 0x00000007c0000000)
  region size 4096K, 2 young (8192K), 2 survivors (8192K)
 Metaspace       used 41236K, capacity 42196K, committed 42416K, reserved 1087488K
  class space    used 4840K, capacity 5263K, committed 5376K, reserved 1048576K
}
Event: 12.299 GC heap before
{Heap before GC invocations=7 (full 0):
 garbage-first heap   total 1048576K, used 110328K [0x00000003c0000000, 0x00000007c0000000)
  region size 4096K, 24 young (98304K), 2 survivors (8192K)
 Metaspace       used 53967K, capacity 55445K, committed 55472K, reserved 1097728K
  class space    used 6469K, capacity 7161K, committed 7168K, reserved 1048576K
}
Event: 12.314 GC heap after
{Heap after GC invocations=8 (full 0):
 garbage-first heap   total 1261568K, used 25543K [0x00000003c0000000, 0x00000007c0000000)
  region size 4096K, 3 young (12288K), 3 survivors (12288K)
 Metaspace       used 53967K, capacity 55445K, committed 55472K, reserved 1097728K
  class space    used 6469K, capacity 7161K, committed 7168K, reserved 1048576K
}
Event: 12.496 GC heap before
{Heap before GC invocations=8 (full 0):
 garbage-first heap   total 1261568K, used 70599K [0x00000003c0000000, 0x00000007c0000000)
  region size 4096K, 15 young (61440K), 3 survivors (12288K)
 Metaspace       used 58521K, capacity 60076K, committed 60208K, reserved 1101824K
  class space    used 7011K, capacity 7769K, committed 7808K, reserved 1048576K
}
Event: 12.501 GC heap after
{Heap after GC invocations=9 (full 0):
 garbage-first heap   total 1261568K, used 26909K [0x00000003c0000000, 0x00000007c0000000)
  region size 4096K, 3 young (12288K), 3 survivors (12288K)
 Metaspace       used 58521K, capacity 60076K, committed 60208K, reserved 1101824K
  class space    used 7011K, capacity 7769K, committed 7808K, reserved 1048576K
}

