# JRE version: OpenJDK Runtime Environment Zulu11.64+19-CA (11.0.19+7) (build 11.0.19+7-LTS)
# Java VM: OpenJDK 64-Bit Server VM Zulu11.64+19-CA (11.0.19+7-LTS, mixed mode, tiered, compressed oops, g1 gc, bsd-aarch64)
Heap:
 garbage-first heap   total 1048576K, used 99965K [0x00000003c0000000, 0x00000007c0000000)
  region size 4096K, 23 young (94208K), 3 survivors (12288K)
 Metaspace       used 68228K, capacity 70065K, committed 70192K, reserved 1110016K
  class space    used 7950K, capacity 8771K, committed 8832K, reserved 1048576K
GC Heap History (14 events):
Event: 0.402 GC heap before
{Heap before GC invocations=0 (full 0):
 garbage-first heap   total 1048576K, used 45056K [0x00000003c0000000, 0x00000007c0000000)
  region size 4096K, 12 young (49152K), 0 survivors (0K)
 Metaspace       used 15765K, capacity 16174K, committed 16384K, reserved 1062912K
  class space    used 1739K, capacity 1931K, committed 2048K, reserved 1048576K
}
Event: 0.407 GC heap after
{Heap after GC invocations=1 (full 0):
 garbage-first heap   total 1048576K, used 13370K [0x00000003c0000000, 0x00000007c0000000)
  region size 4096K, 2 young (8192K), 2 survivors (8192K)
 Metaspace       used 15765K, capacity 16174K, committed 16384K, reserved 1062912K
  class space    used 1739K, capacity 1931K, committed 2048K, reserved 1048576K
}
Event: 0.529 GC heap before
{Heap before GC invocations=1 (full 0):
 garbage-first heap   total 1048576K, used 37946K [0x00000003c0000000, 0x00000007c0000000)
  region size 4096K, 9 young (36864K), 2 survivors (8192K)
 Metaspace       used 20667K, capacity 21201K, committed 21296K, reserved 1069056K
  class space    used 2365K, capacity 2651K, committed 2688K, reserved 1048576K
}
Event: 0.531 GC heap after
{Heap after GC invocations=2 (full 0):
 garbage-first heap   total 1048576K, used 14567K [0x00000003c0000000, 0x00000007c0000000)
  region size 4096K, 1 young (4096K), 1 survivors (4096K)
 Metaspace       used 20667K, capacity 21201K, committed 21296K, reserved 1069056K
  class space    used 2365K, capacity 2651K, committed 2688K, reserved 1048576K
}
Event: 0.730 GC heap before
{Heap before GC invocations=3 (full 0):
 garbage-first heap   total 1048576K, used 59623K [0x00000003c0000000, 0x00000007c0000000)
  region size 4096K, 12 young (49152K), 1 survivors (4096K)
 Metaspace       used 29118K, capacity 29785K, committed 29872K, reserved 1075200K
  class space    used 3422K, capacity 3775K, committed 3840K, reserved 1048576K
}
Event: 0.732 GC heap after
{Heap after GC invocations=4 (full 0):
 garbage-first heap   total 1048576K, used 17075K [0x00000003c0000000, 0x00000007c0000000)
  region size 4096K, 1 young (4096K), 1 survivors (4096K)
 Metaspace       used 29118K, capacity 29785K, committed 29872K, reserved 1075200K
  class space    used 3422K, capacity 3775K, committed 3840K, reserved 1048576K
}
Event: 1.369 GC heap before
{Heap before GC invocations=4 (full 0):
 garbage-first heap   total 1048576K, used 41651K [0x00000003c0000000, 0x00000007c0000000)
  region size 4096K, 8 young (32768K), 1 survivors (4096K)
 Metaspace       used 34929K, capacity 35678K, committed 35888K, reserved 1081344K
  class space    used 3963K, capacity 4363K, committed 4480K, reserved 1048576K
}
Event: 1.371 GC heap after
{Heap after GC invocations=5 (full 0):
 garbage-first heap   total 1048576K, used 18441K [0x00000003c0000000, 0x00000007c0000000)
  region size 4096K, 2 young (8192K), 2 survivors (8192K)
 Metaspace       used 34929K, capacity 35678K, committed 35888K, reserved 1081344K
  class space    used 3963K, capacity 4363K, committed 4480K, reserved 1048576K
}
Event: 1.530 GC heap before
{Heap before GC invocations=6 (full 0):
 garbage-first heap   total 1048576K, used 67593K [0x00000003c0000000, 0x00000007c0000000)
  region size 4096K, 14 young (57344K), 2 survivors (8192K)
 Metaspace       used 40549K, capacity 41492K, committed 41776K, reserved 1085440K
  class space    used 4753K, capacity 5175K, committed 5248K, reserved 1048576K
}
Event: 1.532 GC heap after
{Heap after GC invocations=7 (full 0):
 garbage-first heap   total 1048576K, used 19538K [0x00000003c0000000, 0x00000007c0000000)
  region size 4096K, 2 young (8192K), 2 survivors (8192K)
 Metaspace       used 40549K, capacity 41492K, committed 41776K, reserved 1085440K
  class space    used 4753K, capacity 5175K, committed 5248K, reserved 1048576K
}
Event: 4.907 GC heap before
{Heap before GC invocations=7 (full 0):
 garbage-first heap   total 1048576K, used 89170K [0x00000003c0000000, 0x00000007c0000000)
  region size 4096K, 20 young (81920K), 2 survivors (8192K)
 Metaspace       used 50573K, capacity 51976K, committed 52144K, reserved 1095680K
  class space    used 6122K, capacity 6795K, committed 6912K, reserved 1048576K
}
Event: 4.911 GC heap after
{Heap after GC invocations=8 (full 0):
 garbage-first heap   total 1048576K, used 24237K [0x00000003c0000000, 0x00000007c0000000)
  region size 4096K, 3 young (12288K), 3 survivors (12288K)
 Metaspace       used 50573K, capacity 51976K, committed 52144K, reserved 1095680K
  class space    used 6122K, capacity 6795K, committed 6912K, reserved 1048576K
}
Event: 12.998 GC heap before
{Heap before GC invocations=8 (full 0):
 garbage-first heap   total 1048576K, used 93869K [0x00000003c0000000, 0x00000007c0000000)
  region size 4096K, 21 young (86016K), 3 survivors (12288K)
 Metaspace       used 58541K, capacity 60091K, committed 60208K, reserved 1101824K
  class space    used 7017K, capacity 7774K, committed 7808K, reserved 1048576K
}
Event: 13.003 GC heap after
{Heap after GC invocations=9 (full 0):
 garbage-first heap   total 1048576K, used 26237K [0x00000003c0000000, 0x00000007c0000000)
  region size 4096K, 3 young (12288K), 3 survivors (12288K)
 Metaspace       used 58541K, capacity 60091K, committed 60208K, reserved 1101824K
  class space    used 7017K, capacity 7774K, committed 7808K, reserved 1048576K
}

