# JRE version: OpenJDK Runtime Environment Zulu11.52+13-CA (11.0.13+8) (build 11.0.13+8-LTS)
# Java VM: OpenJDK 64-Bit Server VM Zulu11.52+13-CA (11.0.13+8-LTS, mixed mode, tiered, compressed oops, g1 gc, bsd-aarch64)
Heap:
 garbage-first heap   total 1048576K, used 487087K [0x00000003c0000000, 0x00000007c0000000)
  region size 4096K, 101 young (413696K), 4 survivors (16384K)
 Metaspace       used 32457K, capacity 33477K, committed 33584K, reserved 1079296K
  class space    used 3252K, capacity 3706K, committed 3712K, reserved 1048576K
GC Heap History (18 events):
Event: 0.723 GC heap before
{Heap before GC invocations=0 (full 0):
 garbage-first heap   total 1048576K, used 45056K [0x00000003c0000000, 0x00000007c0000000)
  region size 4096K, 12 young (49152K), 0 survivors (0K)
 Metaspace       used 13164K, capacity 13442K, committed 13696K, reserved 1060864K
  class space    used 1289K, capacity 1374K, committed 1408K, reserved 1048576K
}
Event: 0.726 GC heap after
{Heap after GC invocations=1 (full 0):
 garbage-first heap   total 1048576K, used 9032K [0x00000003c0000000, 0x00000007c0000000)
  region size 4096K, 2 young (8192K), 2 survivors (8192K)
 Metaspace       used 13164K, capacity 13442K, committed 13696K, reserved 1060864K
  class space    used 1289K, capacity 1374K, committed 1408K, reserved 1048576K
}
Event: 1.057 GC heap before
{Heap before GC invocations=1 (full 0):
 garbage-first heap   total 1048576K, used 49992K [0x00000003c0000000, 0x00000007c0000000)
  region size 4096K, 12 young (49152K), 2 survivors (8192K)
 Metaspace       used 15475K, capacity 15760K, committed 16000K, reserved 1062912K
  class space    used 1524K, capacity 1634K, committed 1664K, reserved 1048576K
}
Event: 1.060 GC heap after
{Heap after GC invocations=2 (full 0):
 garbage-first heap   total 1048576K, used 9612K [0x00000003c0000000, 0x00000007c0000000)
  region size 4096K, 1 young (4096K), 1 survivors (4096K)
 Metaspace       used 15475K, capacity 15760K, committed 16000K, reserved 1062912K
  class space    used 1524K, capacity 1634K, committed 1664K, reserved 1048576K
}
Event: 1.732 GC heap before
{Heap before GC invocations=2 (full 0):
 garbage-first heap   total 1048576K, used 79244K [0x00000003c0000000, 0x00000007c0000000)
  region size 4096K, 18 young (73728K), 1 survivors (4096K)
 Metaspace       used 20222K, capacity 20710K, committed 20736K, reserved 1067008K
  class space    used 2075K, capacity 2278K, committed 2304K, reserved 1048576K
}
Event: 1.733 GC heap after
{Heap after GC invocations=3 (full 0):
 garbage-first heap   total 1048576K, used 12232K [0x00000003c0000000, 0x00000007c0000000)
  region size 4096K, 1 young (4096K), 1 survivors (4096K)
 Metaspace       used 20222K, capacity 20710K, committed 20736K, reserved 1067008K
  class space    used 2075K, capacity 2278K, committed 2304K, reserved 1048576K
}
Event: 1.781 GC heap before
{Heap before GC invocations=3 (full 0):
 garbage-first heap   total 1048576K, used 16328K [0x00000003c0000000, 0x00000007c0000000)
  region size 4096K, 3 young (12288K), 1 survivors (4096K)
 Metaspace       used 20621K, capacity 21110K, committed 21296K, reserved 1069056K
  class space    used 2121K, capacity 2348K, committed 2432K, reserved 1048576K
}
Event: 1.784 GC heap after
{Heap after GC invocations=4 (full 0):
 garbage-first heap   total 1048576K, used 12500K [0x00000003c0000000, 0x00000007c0000000)
  region size 4096K, 1 young (4096K), 1 survivors (4096K)
 Metaspace       used 20621K, capacity 21110K, committed 21296K, reserved 1069056K
  class space    used 2121K, capacity 2348K, committed 2432K, reserved 1048576K
}
Event: 2.292 GC heap before
{Heap before GC invocations=5 (full 0):
 garbage-first heap   total 1048576K, used 98516K [0x00000003c0000000, 0x00000007c0000000)
  region size 4096K, 22 young (90112K), 1 survivors (4096K)
 Metaspace       used 23333K, capacity 23930K, committed 24240K, reserved 1071104K
  class space    used 2469K, capacity 2737K, committed 2816K, reserved 1048576K
}
Event: 2.310 GC heap after
{Heap after GC invocations=6 (full 0):
 garbage-first heap   total 1048576K, used 52646K [0x00000003c0000000, 0x00000007c0000000)
  region size 4096K, 3 young (12288K), 3 survivors (12288K)
 Metaspace       used 23333K, capacity 23930K, committed 24240K, reserved 1071104K
  class space    used 2469K, capacity 2737K, committed 2816K, reserved 1048576K
}
Event: 2.501 GC heap before
{Heap before GC invocations=6 (full 0):
 garbage-first heap   total 1048576K, used 114086K [0x00000003c0000000, 0x00000007c0000000)
  region size 4096K, 18 young (73728K), 3 survivors (12288K)
 Metaspace       used 24669K, capacity 25332K, committed 25392K, reserved 1071104K
  class space    used 2587K, capacity 2891K, committed 2944K, reserved 1048576K
}
Event: 2.519 GC heap after
{Heap after GC invocations=7 (full 0):
 garbage-first heap   total 1048576K, used 76823K [0x00000003c0000000, 0x00000007c0000000)
  region size 4096K, 3 young (12288K), 3 survivors (12288K)
 Metaspace       used 24669K, capacity 25332K, committed 25392K, reserved 1071104K
  class space    used 2587K, capacity 2891K, committed 2944K, reserved 1048576K
}
Event: 2.772 GC heap before
{Heap before GC invocations=7 (full 0):
 garbage-first heap   total 1048576K, used 113687K [0x00000003c0000000, 0x00000007c0000000)
  region size 4096K, 12 young (49152K), 3 survivors (12288K)
 Metaspace       used 26490K, capacity 27346K, committed 27440K, reserved 1073152K
  class space    used 2820K, capacity 3156K, committed 3200K, reserved 1048576K
}
Event: 2.780 GC heap after
{Heap after GC invocations=8 (full 0):
 garbage-first heap   total 1048576K, used 81626K [0x00000003c0000000, 0x00000007c0000000)
  region size 4096K, 1 young (4096K), 1 survivors (4096K)
 Metaspace       used 26490K, capacity 27346K, committed 27440K, reserved 1073152K
  class space    used 2820K, capacity 3156K, committed 3200K, reserved 1048576K
}
Event: 3.168 GC heap before
{Heap before GC invocations=8 (full 0):
 garbage-first heap   total 1048576K, used 130778K [0x00000003c0000000, 0x00000007c0000000)
  region size 4096K, 14 young (57344K), 1 survivors (4096K)
 Metaspace       used 28786K, capacity 29755K, committed 29872K, reserved 1075200K
  class space    used 3121K, capacity 3523K, committed 3584K, reserved 1048576K
}
Event: 3.169 GC heap after
{Heap after GC invocations=9 (full 0):
 garbage-first heap   total 1048576K, used 83480K [0x00000003c0000000, 0x00000007c0000000)
  region size 4096K, 2 young (8192K), 2 survivors (8192K)
 Metaspace       used 28786K, capacity 29755K, committed 29872K, reserved 1075200K
  class space    used 3121K, capacity 3523K, committed 3584K, reserved 1048576K
}
Event: 3.473 GC heap before
{Heap before GC invocations=9 (full 0):
 garbage-first heap   total 1048576K, used 189976K [0x00000003c0000000, 0x00000007c0000000)
  region size 4096K, 29 young (118784K), 2 survivors (8192K)
 Metaspace       used 31113K, capacity 32144K, committed 32304K, reserved 1077248K
  class space    used 3248K, capacity 3700K, committed 3712K, reserved 1048576K
}
Event: 3.475 GC heap after
{Heap after GC invocations=10 (full 0):
 garbage-first heap   total 1048576K, used 93871K [0x00000003c0000000, 0x00000007c0000000)
  region size 4096K, 4 young (16384K), 4 survivors (16384K)
 Metaspace       used 31113K, capacity 32144K, committed 32304K, reserved 1077248K
  class space    used 3248K, capacity 3700K, committed 3712K, reserved 1048576K
}

