# JRE version: OpenJDK Runtime Environment Zulu11.52+13-CA (11.0.13+8) (build 11.0.13+8-LTS)
# Java VM: OpenJDK 64-Bit Server VM Zulu11.52+13-CA (11.0.13+8-LTS, mixed mode, tiered, compressed oops, g1 gc, bsd-aarch64)
Heap:
 garbage-first heap   total 1417216K, used 202354K [0x00000003c0000000, 0x00000007c0000000)
  region size 4096K, 32 young (131072K), 4 survivors (16384K)
 Metaspace       used 31935K, capacity 32939K, committed 33072K, reserved 1079296K
  class space    used 3253K, capacity 3674K, committed 3712K, reserved 1048576K
GC Heap History (18 events):
Event: 0.687 GC heap before
{Heap before GC invocations=0 (full 0):
 garbage-first heap   total 1048576K, used 45056K [0x00000003c0000000, 0x00000007c0000000)
  region size 4096K, 12 young (49152K), 0 survivors (0K)
 Metaspace       used 13154K, capacity 13442K, committed 13696K, reserved 1060864K
  class space    used 1288K, capacity 1374K, committed 1408K, reserved 1048576K
}
Event: 0.691 GC heap after
{Heap after GC invocations=1 (full 0):
 garbage-first heap   total 1048576K, used 9345K [0x00000003c0000000, 0x00000007c0000000)
  region size 4096K, 2 young (8192K), 2 survivors (8192K)
 Metaspace       used 13154K, capacity 13442K, committed 13696K, reserved 1060864K
  class space    used 1288K, capacity 1374K, committed 1408K, reserved 1048576K
}
Event: 1.039 GC heap before
{Heap before GC invocations=1 (full 0):
 garbage-first heap   total 1048576K, used 50305K [0x00000003c0000000, 0x00000007c0000000)
  region size 4096K, 12 young (49152K), 2 survivors (8192K)
 Metaspace       used 15475K, capacity 15728K, committed 16000K, reserved 1062912K
  class space    used 1523K, capacity 1602K, committed 1664K, reserved 1048576K
}
Event: 1.052 GC heap after
{Heap after GC invocations=2 (full 0):
 garbage-first heap   total 1048576K, used 9536K [0x00000003c0000000, 0x00000007c0000000)
  region size 4096K, 1 young (4096K), 1 survivors (4096K)
 Metaspace       used 15475K, capacity 15728K, committed 16000K, reserved 1062912K
  class space    used 1523K, capacity 1602K, committed 1664K, reserved 1048576K
}
Event: 1.735 GC heap before
{Heap before GC invocations=2 (full 0):
 garbage-first heap   total 1048576K, used 75072K [0x00000003c0000000, 0x00000007c0000000)
  region size 4096K, 18 young (73728K), 1 survivors (4096K)
 Metaspace       used 20230K, capacity 20677K, committed 20736K, reserved 1067008K
  class space    used 2073K, capacity 2246K, committed 2304K, reserved 1048576K
}
Event: 1.737 GC heap after
{Heap after GC invocations=3 (full 0):
 garbage-first heap   total 1048576K, used 12178K [0x00000003c0000000, 0x00000007c0000000)
  region size 4096K, 1 young (4096K), 1 survivors (4096K)
 Metaspace       used 20230K, capacity 20677K, committed 20736K, reserved 1067008K
  class space    used 2073K, capacity 2246K, committed 2304K, reserved 1048576K
}
Event: 1.813 GC heap before
{Heap before GC invocations=3 (full 0):
 garbage-first heap   total 1048576K, used 16274K [0x00000003c0000000, 0x00000007c0000000)
  region size 4096K, 3 young (12288K), 1 survivors (4096K)
 Metaspace       used 20614K, capacity 21077K, committed 21296K, reserved 1069056K
  class space    used 2116K, capacity 2316K, committed 2432K, reserved 1048576K
}
Event: 1.815 GC heap after
{Heap after GC invocations=4 (full 0):
 garbage-first heap   total 1048576K, used 12435K [0x00000003c0000000, 0x00000007c0000000)
  region size 4096K, 1 young (4096K), 1 survivors (4096K)
 Metaspace       used 20614K, capacity 21077K, committed 21296K, reserved 1069056K
  class space    used 2116K, capacity 2316K, committed 2432K, reserved 1048576K
}
Event: 2.321 GC heap before
{Heap before GC invocations=5 (full 0):
 garbage-first heap   total 1048576K, used 102547K [0x00000003c0000000, 0x00000007c0000000)
  region size 4096K, 23 young (94208K), 1 survivors (4096K)
 Metaspace       used 23363K, capacity 23899K, committed 24240K, reserved 1071104K
  class space    used 2468K, capacity 2705K, committed 2816K, reserved 1048576K
}
Event: 2.340 GC heap after
{Heap after GC invocations=6 (full 0):
 garbage-first heap   total 1048576K, used 55942K [0x00000003c0000000, 0x00000007c0000000)
  region size 4096K, 3 young (12288K), 3 survivors (12288K)
 Metaspace       used 23363K, capacity 23899K, committed 24240K, reserved 1071104K
  class space    used 2468K, capacity 2705K, committed 2816K, reserved 1048576K
}
Event: 2.468 GC heap before
{Heap before GC invocations=6 (full 0):
 garbage-first heap   total 1048576K, used 105094K [0x00000003c0000000, 0x00000007c0000000)
  region size 4096K, 15 young (61440K), 3 survivors (12288K)
 Metaspace       used 24269K, capacity 24830K, committed 25008K, reserved 1071104K
  class space    used 2530K, capacity 2784K, committed 2816K, reserved 1048576K
}
Event: 2.486 GC heap after
{Heap after GC invocations=7 (full 0):
 garbage-first heap   total 1048576K, used 77824K [0x00000003c0000000, 0x00000007c0000000)
  region size 4096K, 2 young (8192K), 2 survivors (8192K)
 Metaspace       used 24269K, capacity 24830K, committed 25008K, reserved 1071104K
  class space    used 2530K, capacity 2784K, committed 2816K, reserved 1048576K
}
Event: 2.770 GC heap before
{Heap before GC invocations=7 (full 0):
 garbage-first heap   total 1048576K, used 118784K [0x00000003c0000000, 0x00000007c0000000)
  region size 4096K, 12 young (49152K), 2 survivors (8192K)
 Metaspace       used 26407K, capacity 27182K, committed 27440K, reserved 1073152K
  class space    used 2815K, capacity 3123K, committed 3200K, reserved 1048576K
}
Event: 2.778 GC heap after
{Heap after GC invocations=8 (full 0):
 garbage-first heap   total 1417216K, used 83043K [0x00000003c0000000, 0x00000007c0000000)
  region size 4096K, 1 young (4096K), 1 survivors (4096K)
 Metaspace       used 26407K, capacity 27182K, committed 27440K, reserved 1073152K
  class space    used 2815K, capacity 3123K, committed 3200K, reserved 1048576K
}
Event: 3.255 GC heap before
{Heap before GC invocations=8 (full 0):
 garbage-first heap   total 1417216K, used 160867K [0x00000003c0000000, 0x00000007c0000000)
  region size 4096K, 20 young (81920K), 1 survivors (4096K)
 Metaspace       used 29326K, capacity 30310K, committed 30384K, reserved 1077248K
  class space    used 3196K, capacity 3584K, committed 3584K, reserved 1048576K
}
Event: 3.257 GC heap after
{Heap after GC invocations=9 (full 0):
 garbage-first heap   total 1417216K, used 87799K [0x00000003c0000000, 0x00000007c0000000)
  region size 4096K, 2 young (8192K), 2 survivors (8192K)
 Metaspace       used 29326K, capacity 30310K, committed 30384K, reserved 1077248K
  class space    used 3196K, capacity 3584K, committed 3584K, reserved 1048576K
}
Event: 3.552 GC heap before
{Heap before GC invocations=9 (full 0):
 garbage-first heap   total 1417216K, used 206583K [0x00000003c0000000, 0x00000007c0000000)
  region size 4096K, 32 young (131072K), 2 survivors (8192K)
 Metaspace       used 31437K, capacity 32461K, committed 32560K, reserved 1079296K
  class space    used 3252K, capacity 3674K, committed 3712K, reserved 1048576K
}
Event: 3.554 GC heap after
{Heap after GC invocations=10 (full 0):
 garbage-first heap   total 1417216K, used 95858K [0x00000003c0000000, 0x00000007c0000000)
  region size 4096K, 4 young (16384K), 4 survivors (16384K)
 Metaspace       used 31437K, capacity 32461K, committed 32560K, reserved 1079296K
  class space    used 3252K, capacity 3674K, committed 3712K, reserved 1048576K
}

