# JRE version: OpenJDK Runtime Environment Zulu11.52+13-CA (11.0.13+8) (build 11.0.13+8-LTS)
# Java VM: OpenJDK 64-Bit Server VM Zulu11.52+13-CA (11.0.13+8-LTS, mixed mode, tiered, compressed oops, g1 gc, bsd-aarch64)
Heap:
 garbage-first heap   total 1478656K, used 146086K [0x00000003c0000000, 0x00000007c0000000)
  region size 4096K, 18 young (73728K), 4 survivors (16384K)
 Metaspace       used 31605K, capacity 32694K, committed 32816K, reserved 1079296K
  class space    used 3254K, capacity 3706K, committed 3712K, reserved 1048576K
GC Heap History (18 events):
Event: 0.798 GC heap before
{Heap before GC invocations=0 (full 0):
 garbage-first heap   total 1048576K, used 45056K [0x00000003c0000000, 0x00000007c0000000)
  region size 4096K, 12 young (49152K), 0 survivors (0K)
 Metaspace       used 13234K, capacity 13538K, committed 13696K, reserved 1060864K
  class space    used 1300K, capacity 1406K, committed 1408K, reserved 1048576K
}
Event: 0.802 GC heap after
{Heap after GC invocations=1 (full 0):
 garbage-first heap   total 1048576K, used 8870K [0x00000003c0000000, 0x00000007c0000000)
  region size 4096K, 2 young (8192K), 2 survivors (8192K)
 Metaspace       used 13234K, capacity 13538K, committed 13696K, reserved 1060864K
  class space    used 1300K, capacity 1406K, committed 1408K, reserved 1048576K
}
Event: 1.144 GC heap before
{Heap before GC invocations=1 (full 0):
 garbage-first heap   total 1048576K, used 49830K [0x00000003c0000000, 0x00000007c0000000)
  region size 4096K, 12 young (49152K), 2 survivors (8192K)
 Metaspace       used 15517K, capacity 15760K, committed 16000K, reserved 1062912K
  class space    used 1528K, capacity 1634K, committed 1664K, reserved 1048576K
}
Event: 1.166 GC heap after
{Heap after GC invocations=2 (full 0):
 garbage-first heap   total 1048576K, used 9699K [0x00000003c0000000, 0x00000007c0000000)
  region size 4096K, 1 young (4096K), 1 survivors (4096K)
 Metaspace       used 15517K, capacity 15760K, committed 16000K, reserved 1062912K
  class space    used 1528K, capacity 1634K, committed 1664K, reserved 1048576K
}
Event: 1.845 GC heap before
{Heap before GC invocations=2 (full 0):
 garbage-first heap   total 1048576K, used 79331K [0x00000003c0000000, 0x00000007c0000000)
  region size 4096K, 18 young (73728K), 1 survivors (4096K)
 Metaspace       used 20212K, capacity 20646K, committed 20736K, reserved 1067008K
  class space    used 2074K, capacity 2278K, committed 2304K, reserved 1048576K
}
Event: 1.852 GC heap after
{Heap after GC invocations=3 (full 0):
 garbage-first heap   total 1048576K, used 12393K [0x00000003c0000000, 0x00000007c0000000)
  region size 4096K, 1 young (4096K), 1 survivors (4096K)
 Metaspace       used 20212K, capacity 20646K, committed 20736K, reserved 1067008K
  class space    used 2074K, capacity 2278K, committed 2304K, reserved 1048576K
}
Event: 1.891 GC heap before
{Heap before GC invocations=3 (full 0):
 garbage-first heap   total 1048576K, used 16489K [0x00000003c0000000, 0x00000007c0000000)
  region size 4096K, 3 young (12288K), 1 survivors (4096K)
 Metaspace       used 20618K, capacity 21108K, committed 21296K, reserved 1069056K
  class space    used 2118K, capacity 2347K, committed 2432K, reserved 1048576K
}
Event: 1.894 GC heap after
{Heap after GC invocations=4 (full 0):
 garbage-first heap   total 1048576K, used 12301K [0x00000003c0000000, 0x00000007c0000000)
  region size 4096K, 1 young (4096K), 1 survivors (4096K)
 Metaspace       used 20618K, capacity 21108K, committed 21296K, reserved 1069056K
  class space    used 2118K, capacity 2347K, committed 2432K, reserved 1048576K
}
Event: 2.372 GC heap before
{Heap before GC invocations=5 (full 0):
 garbage-first heap   total 1048576K, used 102413K [0x00000003c0000000, 0x00000007c0000000)
  region size 4096K, 23 young (94208K), 1 survivors (4096K)
 Metaspace       used 23357K, capacity 23930K, committed 24240K, reserved 1071104K
  class space    used 2469K, capacity 2737K, committed 2816K, reserved 1048576K
}
Event: 2.391 GC heap after
{Heap after GC invocations=6 (full 0):
 garbage-first heap   total 1048576K, used 55584K [0x00000003c0000000, 0x00000007c0000000)
  region size 4096K, 3 young (12288K), 3 survivors (12288K)
 Metaspace       used 23357K, capacity 23930K, committed 24240K, reserved 1071104K
  class space    used 2469K, capacity 2737K, committed 2816K, reserved 1048576K
}
Event: 2.581 GC heap before
{Heap before GC invocations=6 (full 0):
 garbage-first heap   total 1048576K, used 92448K [0x00000003c0000000, 0x00000007c0000000)
  region size 4096K, 12 young (49152K), 3 survivors (12288K)
 Metaspace       used 23774K, capacity 24410K, committed 24496K, reserved 1071104K
  class space    used 2506K, capacity 2769K, committed 2816K, reserved 1048576K
}
Event: 2.596 GC heap after
{Heap after GC invocations=7 (full 0):
 garbage-first heap   total 1048576K, used 76540K [0x00000003c0000000, 0x00000007c0000000)
  region size 4096K, 2 young (8192K), 2 survivors (8192K)
 Metaspace       used 23774K, capacity 24410K, committed 24496K, reserved 1071104K
  class space    used 2506K, capacity 2769K, committed 2816K, reserved 1048576K
}
Event: 2.863 GC heap before
{Heap before GC invocations=7 (full 0):
 garbage-first heap   total 1048576K, used 117500K [0x00000003c0000000, 0x00000007c0000000)
  region size 4096K, 12 young (49152K), 2 survivors (8192K)
 Metaspace       used 25612K, capacity 26379K, committed 26544K, reserved 1073152K
  class space    used 2683K, capacity 3010K, committed 3072K, reserved 1048576K
}
Event: 2.869 GC heap after
{Heap after GC invocations=8 (full 0):
 garbage-first heap   total 1478656K, used 79864K [0x00000003c0000000, 0x00000007c0000000)
  region size 4096K, 1 young (4096K), 1 survivors (4096K)
 Metaspace       used 25612K, capacity 26379K, committed 26544K, reserved 1073152K
  class space    used 2683K, capacity 3010K, committed 3072K, reserved 1048576K
}
Event: 3.559 GC heap before
{Heap before GC invocations=8 (full 0):
 garbage-first heap   total 1478656K, used 153592K [0x00000003c0000000, 0x00000007c0000000)
  region size 4096K, 19 young (77824K), 1 survivors (4096K)
 Metaspace       used 28950K, capacity 29950K, committed 30128K, reserved 1075200K
  class space    used 3147K, capacity 3568K, committed 3584K, reserved 1048576K
}
Event: 3.563 GC heap after
{Heap after GC invocations=9 (full 0):
 garbage-first heap   total 1478656K, used 82648K [0x00000003c0000000, 0x00000007c0000000)
  region size 4096K, 2 young (8192K), 2 survivors (8192K)
 Metaspace       used 28950K, capacity 29950K, committed 30128K, reserved 1075200K
  class space    used 3147K, capacity 3568K, committed 3584K, reserved 1048576K
}
Event: 3.926 GC heap before
{Heap before GC invocations=9 (full 0):
 garbage-first heap   total 1478656K, used 205528K [0x00000003c0000000, 0x00000007c0000000)
  region size 4096K, 33 young (135168K), 2 survivors (8192K)
 Metaspace       used 31316K, capacity 32363K, committed 32560K, reserved 1079296K
  class space    used 3253K, capacity 3706K, committed 3712K, reserved 1048576K
}
Event: 3.929 GC heap after
{Heap after GC invocations=10 (full 0):
 garbage-first heap   total 1478656K, used 92838K [0x00000003c0000000, 0x00000007c0000000)
  region size 4096K, 4 young (16384K), 4 survivors (16384K)
 Metaspace       used 31316K, capacity 32363K, committed 32560K, reserved 1079296K
  class space    used 3253K, capacity 3706K, committed 3712K, reserved 1048576K
}

