# JRE version: OpenJDK Runtime Environment Zulu11.52+13-CA (11.0.13+8) (build 11.0.13+8-LTS)
# Java VM: OpenJDK 64-Bit Server VM Zulu11.52+13-CA (11.0.13+8-LTS, mixed mode, tiered, compressed oops, g1 gc, bsd-aarch64)
Heap:
 garbage-first heap   total 1355776K, used 251431K [0x00000003c0000000, 0x00000007c0000000)
  region size 4096K, 40 young (163840K), 1 survivors (4096K)
 Metaspace       used 32476K, capacity 33478K, committed 33584K, reserved 1079296K
  class space    used 3253K, capacity 3706K, committed 3712K, reserved 1048576K
GC Heap History (20 events):
Event: 0.783 GC heap before
{Heap before GC invocations=0 (full 0):
 garbage-first heap   total 1048576K, used 45056K [0x00000003c0000000, 0x00000007c0000000)
  region size 4096K, 12 young (49152K), 0 survivors (0K)
 Metaspace       used 13163K, capacity 13474K, committed 13696K, reserved 1060864K
  class space    used 1291K, capacity 1406K, committed 1408K, reserved 1048576K
}
Event: 0.786 GC heap after
{Heap after GC invocations=1 (full 0):
 garbage-first heap   total 1048576K, used 8868K [0x00000003c0000000, 0x00000007c0000000)
  region size 4096K, 2 young (8192K), 2 survivors (8192K)
 Metaspace       used 13163K, capacity 13474K, committed 13696K, reserved 1060864K
  class space    used 1291K, capacity 1406K, committed 1408K, reserved 1048576K
}
Event: 1.149 GC heap before
{Heap before GC invocations=1 (full 0):
 garbage-first heap   total 1048576K, used 49828K [0x00000003c0000000, 0x00000007c0000000)
  region size 4096K, 12 young (49152K), 2 survivors (8192K)
 Metaspace       used 15476K, capacity 15760K, committed 16000K, reserved 1062912K
  class space    used 1524K, capacity 1634K, committed 1664K, reserved 1048576K
}
Event: 1.154 GC heap after
{Heap after GC invocations=2 (full 0):
 garbage-first heap   total 1048576K, used 10139K [0x00000003c0000000, 0x00000007c0000000)
  region size 4096K, 1 young (4096K), 1 survivors (4096K)
 Metaspace       used 15476K, capacity 15760K, committed 16000K, reserved 1062912K
  class space    used 1524K, capacity 1634K, committed 1664K, reserved 1048576K
}
Event: 1.853 GC heap before
{Heap before GC invocations=2 (full 0):
 garbage-first heap   total 1048576K, used 79771K [0x00000003c0000000, 0x00000007c0000000)
  region size 4096K, 18 young (73728K), 1 survivors (4096K)
 Metaspace       used 20204K, capacity 20646K, committed 20736K, reserved 1067008K
  class space    used 2072K, capacity 2278K, committed 2304K, reserved 1048576K
}
Event: 1.865 GC heap after
{Heap after GC invocations=3 (full 0):
 garbage-first heap   total 1048576K, used 12865K [0x00000003c0000000, 0x00000007c0000000)
  region size 4096K, 1 young (4096K), 1 survivors (4096K)
 Metaspace       used 20204K, capacity 20646K, committed 20736K, reserved 1067008K
  class space    used 2072K, capacity 2278K, committed 2304K, reserved 1048576K
}
Event: 1.920 GC heap before
{Heap before GC invocations=3 (full 0):
 garbage-first heap   total 1048576K, used 16961K [0x00000003c0000000, 0x00000007c0000000)
  region size 4096K, 3 young (12288K), 1 survivors (4096K)
 Metaspace       used 20616K, capacity 21108K, committed 21296K, reserved 1069056K
  class space    used 2117K, capacity 2347K, committed 2432K, reserved 1048576K
}
Event: 1.922 GC heap after
{Heap after GC invocations=4 (full 0):
 garbage-first heap   total 1048576K, used 12830K [0x00000003c0000000, 0x00000007c0000000)
  region size 4096K, 1 young (4096K), 1 survivors (4096K)
 Metaspace       used 20616K, capacity 21108K, committed 21296K, reserved 1069056K
  class space    used 2117K, capacity 2347K, committed 2432K, reserved 1048576K
}
Event: 2.451 GC heap before
{Heap before GC invocations=5 (full 0):
 garbage-first heap   total 1048576K, used 102942K [0x00000003c0000000, 0x00000007c0000000)
  region size 4096K, 23 young (94208K), 1 survivors (4096K)
 Metaspace       used 23374K, capacity 23995K, committed 24240K, reserved 1071104K
  class space    used 2469K, capacity 2737K, committed 2816K, reserved 1048576K
}
Event: 2.473 GC heap after
{Heap after GC invocations=6 (full 0):
 garbage-first heap   total 1048576K, used 56166K [0x00000003c0000000, 0x00000007c0000000)
  region size 4096K, 3 young (12288K), 3 survivors (12288K)
 Metaspace       used 23374K, capacity 23995K, committed 24240K, reserved 1071104K
  class space    used 2469K, capacity 2737K, committed 2816K, reserved 1048576K
}
Event: 2.783 GC heap before
{Heap before GC invocations=6 (full 0):
 garbage-first heap   total 1048576K, used 138086K [0x00000003c0000000, 0x00000007c0000000)
  region size 4096K, 23 young (94208K), 3 survivors (12288K)
 Metaspace       used 25896K, capacity 26662K, committed 26800K, reserved 1073152K
  class space    used 2726K, capacity 3066K, committed 3072K, reserved 1048576K
}
Event: 2.798 GC heap after
{Heap after GC invocations=7 (full 0):
 garbage-first heap   total 1048576K, used 78952K [0x00000003c0000000, 0x00000007c0000000)
  region size 4096K, 3 young (12288K), 3 survivors (12288K)
 Metaspace       used 25896K, capacity 26662K, committed 26800K, reserved 1073152K
  class space    used 2726K, capacity 3066K, committed 3072K, reserved 1048576K
}
Event: 3.015 GC heap before
{Heap before GC invocations=7 (full 0):
 garbage-first heap   total 1048576K, used 119912K [0x00000003c0000000, 0x00000007c0000000)
  region size 4096K, 13 young (53248K), 3 survivors (12288K)
 Metaspace       used 27691K, capacity 28614K, committed 28976K, reserved 1075200K
  class space    used 2982K, capacity 3349K, committed 3456K, reserved 1048576K
}
Event: 3.020 GC heap after
{Heap after GC invocations=8 (full 0):
 garbage-first heap   total 1355776K, used 83460K [0x00000003c0000000, 0x00000007c0000000)
  region size 4096K, 1 young (4096K), 1 survivors (4096K)
 Metaspace       used 27691K, capacity 28614K, committed 28976K, reserved 1075200K
  class space    used 2982K, capacity 3349K, committed 3456K, reserved 1048576K
}
Event: 3.369 GC heap before
{Heap before GC invocations=8 (full 0):
 garbage-first heap   total 1355776K, used 153092K [0x00000003c0000000, 0x00000007c0000000)
  region size 4096K, 19 young (77824K), 1 survivors (4096K)
 Metaspace       used 30451K, capacity 31495K, committed 31536K, reserved 1077248K
  class space    used 3234K, capacity 3685K, committed 3712K, reserved 1048576K
}
Event: 3.371 GC heap after
{Heap after GC invocations=9 (full 0):
 garbage-first heap   total 1355776K, used 95232K [0x00000003c0000000, 0x00000007c0000000)
  region size 4096K, 3 young (12288K), 3 survivors (12288K)
 Metaspace       used 30451K, capacity 31495K, committed 31536K, reserved 1077248K
  class space    used 3234K, capacity 3685K, committed 3712K, reserved 1048576K
}
Event: 3.610 GC heap before
{Heap before GC invocations=9 (full 0):
 garbage-first heap   total 1355776K, used 205824K [0x00000003c0000000, 0x00000007c0000000)
  region size 4096K, 30 young (122880K), 3 survivors (12288K)
 Metaspace       used 31475K, capacity 32562K, committed 32816K, reserved 1079296K
  class space    used 3252K, capacity 3706K, committed 3712K, reserved 1048576K
}
Event: 3.612 GC heap after
{Heap after GC invocations=10 (full 0):
 garbage-first heap   total 1355776K, used 95509K [0x00000003c0000000, 0x00000007c0000000)
  region size 4096K, 1 young (4096K), 1 survivors (4096K)
 Metaspace       used 31475K, capacity 32562K, committed 32816K, reserved 1079296K
  class space    used 3252K, capacity 3706K, committed 3712K, reserved 1048576K
}
Event: 3.858 GC heap before
{Heap before GC invocations=10 (full 0):
 garbage-first heap   total 1355776K, used 275733K [0x00000003c0000000, 0x00000007c0000000)
  region size 4096K, 45 young (184320K), 1 survivors (4096K)
 Metaspace       used 32097K, capacity 33175K, committed 33328K, reserved 1079296K
  class space    used 3253K, capacity 3706K, committed 3712K, reserved 1048576K
}
Event: 3.859 GC heap after
{Heap after GC invocations=11 (full 0):
 garbage-first heap   total 1355776K, used 95783K [0x00000003c0000000, 0x00000007c0000000)
  region size 4096K, 1 young (4096K), 1 survivors (4096K)
 Metaspace       used 32097K, capacity 33175K, committed 33328K, reserved 1079296K
  class space    used 3253K, capacity 3706K, committed 3712K, reserved 1048576K
}

