# JRE version: OpenJDK Runtime Environment Zulu11.52+13-CA (11.0.13+8) (build 11.0.13+8-LTS)
# Java VM: OpenJDK 64-Bit Server VM Zulu11.52+13-CA (11.0.13+8-LTS, mixed mode, tiered, compressed oops, g1 gc, bsd-aarch64)
Heap:
 garbage-first heap   total 1355776K, used 146665K [0x00000003c0000000, 0x00000007c0000000)
  region size 4096K, 18 young (73728K), 4 survivors (16384K)
 Metaspace       used 31611K, capacity 32689K, committed 32816K, reserved 1079296K
  class space    used 3254K, capacity 3706K, committed 3712K, reserved 1048576K
GC Heap History (18 events):
Event: 0.709 GC heap before
{Heap before GC invocations=0 (full 0):
 garbage-first heap   total 1048576K, used 45056K [0x00000003c0000000, 0x00000007c0000000)
  region size 4096K, 12 young (49152K), 0 survivors (0K)
 Metaspace       used 13144K, capacity 13438K, committed 13696K, reserved 1060864K
  class space    used 1289K, capacity 1374K, committed 1408K, reserved 1048576K
}
Event: 0.717 GC heap after
{Heap after GC invocations=1 (full 0):
 garbage-first heap   total 1048576K, used 8838K [0x00000003c0000000, 0x00000007c0000000)
  region size 4096K, 2 young (8192K), 2 survivors (8192K)
 Metaspace       used 13144K, capacity 13438K, committed 13696K, reserved 1060864K
  class space    used 1289K, capacity 1374K, committed 1408K, reserved 1048576K
}
Event: 1.054 GC heap before
{Heap before GC invocations=1 (full 0):
 garbage-first heap   total 1048576K, used 49798K [0x00000003c0000000, 0x00000007c0000000)
  region size 4096K, 12 young (49152K), 2 survivors (8192K)
 Metaspace       used 15476K, capacity 15756K, committed 16000K, reserved 1062912K
  class space    used 1524K, capacity 1634K, committed 1664K, reserved 1048576K
}
Event: 1.058 GC heap after
{Heap after GC invocations=2 (full 0):
 garbage-first heap   total 1048576K, used 9556K [0x00000003c0000000, 0x00000007c0000000)
  region size 4096K, 1 young (4096K), 1 survivors (4096K)
 Metaspace       used 15476K, capacity 15756K, committed 16000K, reserved 1062912K
  class space    used 1524K, capacity 1634K, committed 1664K, reserved 1048576K
}
Event: 1.831 GC heap before
{Heap before GC invocations=2 (full 0):
 garbage-first heap   total 1048576K, used 75092K [0x00000003c0000000, 0x00000007c0000000)
  region size 4096K, 18 young (73728K), 1 survivors (4096K)
 Metaspace       used 20193K, capacity 20641K, committed 20736K, reserved 1067008K
  class space    used 2072K, capacity 2278K, committed 2304K, reserved 1048576K
}
Event: 1.835 GC heap after
{Heap after GC invocations=3 (full 0):
 garbage-first heap   total 1048576K, used 12329K [0x00000003c0000000, 0x00000007c0000000)
  region size 4096K, 1 young (4096K), 1 survivors (4096K)
 Metaspace       used 20193K, capacity 20641K, committed 20736K, reserved 1067008K
  class space    used 2072K, capacity 2278K, committed 2304K, reserved 1048576K
}
Event: 1.874 GC heap before
{Heap before GC invocations=3 (full 0):
 garbage-first heap   total 1048576K, used 16425K [0x00000003c0000000, 0x00000007c0000000)
  region size 4096K, 3 young (12288K), 1 survivors (4096K)
 Metaspace       used 20612K, capacity 21103K, committed 21296K, reserved 1069056K
  class space    used 2117K, capacity 2347K, committed 2432K, reserved 1048576K
}
Event: 1.875 GC heap after
{Heap after GC invocations=4 (full 0):
 garbage-first heap   total 1048576K, used 12309K [0x00000003c0000000, 0x00000007c0000000)
  region size 4096K, 1 young (4096K), 1 survivors (4096K)
 Metaspace       used 20612K, capacity 21103K, committed 21296K, reserved 1069056K
  class space    used 2117K, capacity 2347K, committed 2432K, reserved 1048576K
}
Event: 2.297 GC heap before
{Heap before GC invocations=5 (full 0):
 garbage-first heap   total 1048576K, used 102421K [0x00000003c0000000, 0x00000007c0000000)
  region size 4096K, 23 young (94208K), 1 survivors (4096K)
 Metaspace       used 23370K, capacity 23927K, committed 24240K, reserved 1071104K
  class space    used 2469K, capacity 2737K, committed 2816K, reserved 1048576K
}
Event: 2.316 GC heap after
{Heap after GC invocations=6 (full 0):
 garbage-first heap   total 1048576K, used 55492K [0x00000003c0000000, 0x00000007c0000000)
  region size 4096K, 3 young (12288K), 3 survivors (12288K)
 Metaspace       used 23370K, capacity 23927K, committed 24240K, reserved 1071104K
  class space    used 2469K, capacity 2737K, committed 2816K, reserved 1048576K
}
Event: 2.501 GC heap before
{Heap before GC invocations=6 (full 0):
 garbage-first heap   total 1048576K, used 112836K [0x00000003c0000000, 0x00000007c0000000)
  region size 4096K, 17 young (69632K), 3 survivors (12288K)
 Metaspace       used 24647K, capacity 25326K, committed 25392K, reserved 1071104K
  class space    used 2583K, capacity 2890K, committed 2944K, reserved 1048576K
}
Event: 2.519 GC heap after
{Heap after GC invocations=7 (full 0):
 garbage-first heap   total 1048576K, used 77677K [0x00000003c0000000, 0x00000007c0000000)
  region size 4096K, 3 young (12288K), 3 survivors (12288K)
 Metaspace       used 24647K, capacity 25326K, committed 25392K, reserved 1071104K
  class space    used 2583K, capacity 2890K, committed 2944K, reserved 1048576K
}
Event: 2.724 GC heap before
{Heap before GC invocations=7 (full 0):
 garbage-first heap   total 1048576K, used 114541K [0x00000003c0000000, 0x00000007c0000000)
  region size 4096K, 12 young (49152K), 3 survivors (12288K)
 Metaspace       used 26513K, capacity 27341K, committed 27440K, reserved 1073152K
  class space    used 2821K, capacity 3156K, committed 3200K, reserved 1048576K
}
Event: 2.735 GC heap after
{Heap after GC invocations=8 (full 0):
 garbage-first heap   total 1355776K, used 81778K [0x00000003c0000000, 0x00000007c0000000)
  region size 4096K, 1 young (4096K), 1 survivors (4096K)
 Metaspace       used 26513K, capacity 27341K, committed 27440K, reserved 1073152K
  class space    used 2821K, capacity 3156K, committed 3200K, reserved 1048576K
}
Event: 3.200 GC heap before
{Heap before GC invocations=8 (full 0):
 garbage-first heap   total 1355776K, used 151410K [0x00000003c0000000, 0x00000007c0000000)
  region size 4096K, 18 young (73728K), 1 survivors (4096K)
 Metaspace       used 29334K, capacity 30337K, committed 30512K, reserved 1077248K
  class space    used 3197K, capacity 3616K, committed 3712K, reserved 1048576K
}
Event: 3.202 GC heap after
{Heap after GC invocations=9 (full 0):
 garbage-first heap   total 1355776K, used 85773K [0x00000003c0000000, 0x00000007c0000000)
  region size 4096K, 2 young (8192K), 2 survivors (8192K)
 Metaspace       used 29334K, capacity 30337K, committed 30512K, reserved 1077248K
  class space    used 3197K, capacity 3616K, committed 3712K, reserved 1048576K
}
Event: 3.471 GC heap before
{Heap before GC invocations=9 (full 0):
 garbage-first heap   total 1355776K, used 196365K [0x00000003c0000000, 0x00000007c0000000)
  region size 4096K, 30 young (122880K), 2 survivors (8192K)
 Metaspace       used 31291K, capacity 32293K, committed 32304K, reserved 1077248K
  class space    used 3253K, capacity 3706K, committed 3712K, reserved 1048576K
}
Event: 3.473 GC heap after
{Heap after GC invocations=10 (full 0):
 garbage-first heap   total 1355776K, used 93417K [0x00000003c0000000, 0x00000007c0000000)
  region size 4096K, 4 young (16384K), 4 survivors (16384K)
 Metaspace       used 31291K, capacity 32293K, committed 32304K, reserved 1077248K
  class space    used 3253K, capacity 3706K, committed 3712K, reserved 1048576K
}

