# JRE version: OpenJDK Runtime Environment Zulu11.52+13-CA (11.0.13+8) (build 11.0.13+8-LTS)
# Java VM: OpenJDK 64-Bit Server VM Zulu11.52+13-CA (11.0.13+8-LTS, mixed mode, tiered, compressed oops, g1 gc, bsd-aarch64)
Heap:
 garbage-first heap   total 1380352K, used 244461K [0x00000003c0000000, 0x00000007c0000000)
  region size 4096K, 42 young (172032K), 4 survivors (16384K)
 Metaspace       used 32011K, capacity 33046K, committed 33072K, reserved 1079296K
  class space    used 3252K, capacity 3706K, committed 3712K, reserved 1048576K
GC Heap History (18 events):
Event: 0.717 GC heap before
{Heap before GC invocations=0 (full 0):
 garbage-first heap   total 1048576K, used 45056K [0x00000003c0000000, 0x00000007c0000000)
  region size 4096K, 12 young (49152K), 0 survivors (0K)
 Metaspace       used 13228K, capacity 13538K, committed 13696K, reserved 1060864K
  class space    used 1300K, capacity 1406K, committed 1408K, reserved 1048576K
}
Event: 0.721 GC heap after
{Heap after GC invocations=1 (full 0):
 garbage-first heap   total 1048576K, used 8850K [0x00000003c0000000, 0x00000007c0000000)
  region size 4096K, 2 young (8192K), 2 survivors (8192K)
 Metaspace       used 13228K, capacity 13538K, committed 13696K, reserved 1060864K
  class space    used 1300K, capacity 1406K, committed 1408K, reserved 1048576K
}
Event: 1.069 GC heap before
{Heap before GC invocations=1 (full 0):
 garbage-first heap   total 1048576K, used 49810K [0x00000003c0000000, 0x00000007c0000000)
  region size 4096K, 12 young (49152K), 2 survivors (8192K)
 Metaspace       used 15520K, capacity 15824K, committed 16000K, reserved 1062912K
  class space    used 1529K, capacity 1634K, committed 1664K, reserved 1048576K
}
Event: 1.075 GC heap after
{Heap after GC invocations=2 (full 0):
 garbage-first heap   total 1048576K, used 9744K [0x00000003c0000000, 0x00000007c0000000)
  region size 4096K, 1 young (4096K), 1 survivors (4096K)
 Metaspace       used 15520K, capacity 15824K, committed 16000K, reserved 1062912K
  class space    used 1529K, capacity 1634K, committed 1664K, reserved 1048576K
}
Event: 1.839 GC heap before
{Heap before GC invocations=2 (full 0):
 garbage-first heap   total 1048576K, used 79376K [0x00000003c0000000, 0x00000007c0000000)
  region size 4096K, 18 young (73728K), 1 survivors (4096K)
 Metaspace       used 20328K, capacity 20774K, committed 20992K, reserved 1069056K
  class space    used 2089K, capacity 2278K, committed 2304K, reserved 1048576K
}
Event: 1.843 GC heap after
{Heap after GC invocations=3 (full 0):
 garbage-first heap   total 1048576K, used 12306K [0x00000003c0000000, 0x00000007c0000000)
  region size 4096K, 1 young (4096K), 1 survivors (4096K)
 Metaspace       used 20328K, capacity 20774K, committed 20992K, reserved 1069056K
  class space    used 2089K, capacity 2278K, committed 2304K, reserved 1048576K
}
Event: 1.865 GC heap before
{Heap before GC invocations=3 (full 0):
 garbage-first heap   total 1048576K, used 16402K [0x00000003c0000000, 0x00000007c0000000)
  region size 4096K, 3 young (12288K), 1 survivors (4096K)
 Metaspace       used 20619K, capacity 21110K, committed 21296K, reserved 1069056K
  class space    used 2119K, capacity 2348K, committed 2432K, reserved 1048576K
}
Event: 1.866 GC heap after
{Heap after GC invocations=4 (full 0):
 garbage-first heap   total 1048576K, used 12301K [0x00000003c0000000, 0x00000007c0000000)
  region size 4096K, 1 young (4096K), 1 survivors (4096K)
 Metaspace       used 20619K, capacity 21110K, committed 21296K, reserved 1069056K
  class space    used 2119K, capacity 2348K, committed 2432K, reserved 1048576K
}
Event: 2.291 GC heap before
{Heap before GC invocations=5 (full 0):
 garbage-first heap   total 1048576K, used 102413K [0x00000003c0000000, 0x00000007c0000000)
  region size 4096K, 23 young (94208K), 1 survivors (4096K)
 Metaspace       used 23366K, capacity 23931K, committed 24240K, reserved 1071104K
  class space    used 2469K, capacity 2737K, committed 2816K, reserved 1048576K
}
Event: 2.312 GC heap after
{Heap after GC invocations=6 (full 0):
 garbage-first heap   total 1048576K, used 54338K [0x00000003c0000000, 0x00000007c0000000)
  region size 4096K, 3 young (12288K), 3 survivors (12288K)
 Metaspace       used 23366K, capacity 23931K, committed 24240K, reserved 1071104K
  class space    used 2469K, capacity 2737K, committed 2816K, reserved 1048576K
}
Event: 2.488 GC heap before
{Heap before GC invocations=6 (full 0):
 garbage-first heap   total 1048576K, used 111682K [0x00000003c0000000, 0x00000007c0000000)
  region size 4096K, 17 young (69632K), 3 survivors (12288K)
 Metaspace       used 24563K, capacity 25219K, committed 25392K, reserved 1071104K
  class space    used 2570K, capacity 2852K, committed 2944K, reserved 1048576K
}
Event: 2.505 GC heap after
{Heap after GC invocations=7 (full 0):
 garbage-first heap   total 1048576K, used 76996K [0x00000003c0000000, 0x00000007c0000000)
  region size 4096K, 3 young (12288K), 3 survivors (12288K)
 Metaspace       used 24563K, capacity 25219K, committed 25392K, reserved 1071104K
  class space    used 2570K, capacity 2852K, committed 2944K, reserved 1048576K
}
Event: 2.703 GC heap before
{Heap before GC invocations=7 (full 0):
 garbage-first heap   total 1048576K, used 113860K [0x00000003c0000000, 0x00000007c0000000)
  region size 4096K, 12 young (49152K), 3 survivors (12288K)
 Metaspace       used 26489K, capacity 27278K, committed 27440K, reserved 1073152K
  class space    used 2819K, capacity 3155K, committed 3200K, reserved 1048576K
}
Event: 2.708 GC heap after
{Heap after GC invocations=8 (full 0):
 garbage-first heap   total 1048576K, used 80828K [0x00000003c0000000, 0x00000007c0000000)
  region size 4096K, 1 young (4096K), 1 survivors (4096K)
 Metaspace       used 26489K, capacity 27278K, committed 27440K, reserved 1073152K
  class space    used 2819K, capacity 3155K, committed 3200K, reserved 1048576K
}
Event: 3.106 GC heap before
{Heap before GC invocations=8 (full 0):
 garbage-first heap   total 1048576K, used 150460K [0x00000003c0000000, 0x00000007c0000000)
  region size 4096K, 18 young (73728K), 1 survivors (4096K)
 Metaspace       used 29322K, capacity 30341K, committed 30512K, reserved 1077248K
  class space    used 3195K, capacity 3616K, committed 3712K, reserved 1048576K
}
Event: 3.108 GC heap after
{Heap after GC invocations=9 (full 0):
 garbage-first heap   total 1380352K, used 84956K [0x00000003c0000000, 0x00000007c0000000)
  region size 4096K, 2 young (8192K), 2 survivors (8192K)
 Metaspace       used 29322K, capacity 30341K, committed 30512K, reserved 1077248K
  class space    used 3195K, capacity 3616K, committed 3712K, reserved 1048576K
}
Event: 3.398 GC heap before
{Heap before GC invocations=9 (full 0):
 garbage-first heap   total 1380352K, used 203740K [0x00000003c0000000, 0x00000007c0000000)
  region size 4096K, 32 young (131072K), 2 survivors (8192K)
 Metaspace       used 31312K, capacity 32362K, committed 32560K, reserved 1079296K
  class space    used 3251K, capacity 3706K, committed 3712K, reserved 1048576K
}
Event: 3.400 GC heap after
{Heap after GC invocations=10 (full 0):
 garbage-first heap   total 1380352K, used 92909K [0x00000003c0000000, 0x00000007c0000000)
  region size 4096K, 4 young (16384K), 4 survivors (16384K)
 Metaspace       used 31312K, capacity 32362K, committed 32560K, reserved 1079296K
  class space    used 3251K, capacity 3706K, committed 3712K, reserved 1048576K
}

